<?xml version="1.0" encoding="UTF-8"?>
<!-- Generated by org.testng.reporters.JUnitXMLReporter -->
<testsuite ignored="0" hostname="LAPTOP-S8UE8KBK" failures="0" tests="3" name="Test2" time="139.892" errors="0" timestamp="2024-06-21T15:22:48 IST">
  <testcase classname="parallelTC.TestNgUnit" name="unitTest1" time="51.854"/>
  <testcase classname="parallelTC.TestNgUnit" name="unitTest2" time="8.183"/>
  <testcase classname="parallelTC.TestNgUnit" name="unitTest3" time="8.247"/>
</testsuite> <!-- Test2 -->
