<?xml version="1.0" encoding="UTF-8"?>
<!-- Generated by org.testng.reporters.JUnitXMLReporter -->
<testsuite ignored="0" hostname="LAPTOP-S8UE8KBK" failures="0" tests="3" name="Test3" time="136.768" errors="0" timestamp="2024-06-21T15:22:45 IST">
  <testcase classname="parallelTC.TestNgCatagory" name="catagoryTest1" time="52.905"/>
  <testcase classname="parallelTC.TestNgCatagory" name="catagoryTest2" time="4.026"/>
  <testcase classname="parallelTC.TestNgCatagory" name="catagoryTest3" time="10.301"/>
</testsuite> <!-- Test3 -->
