<?xml version="1.0" encoding="UTF-8"?>
<testng-results ignored="0" total="1" passed="1" failed="0" skipped="0">
  <reporter-output>
  </reporter-output>
  <suite started-at="2024-06-13T13:48:17 IST" name="Default suite" finished-at="2024-06-13T13:52:42 IST" duration-ms="264677">
    <groups>
    </groups>
    <test started-at="2024-06-13T13:48:17 IST" name="Default test" finished-at="2024-06-13T13:52:42 IST" duration-ms="264677">
      <class name="projectTestCases.TestNG">
        <test-method is-config="true" signature="beforeTest()[pri:0, instance:projectTestCases.TestNG@78e4deb0]" started-at="2024-06-13T13:48:17 IST" name="beforeTest" finished-at="2024-06-13T13:50:28 IST" duration-ms="130913" status="PASS">
          <reporter-output>
          </reporter-output>
        </test-method> <!-- beforeTest -->
        <test-method signature="loginTest()[pri:0, instance:projectTestCases.TestNG@78e4deb0]" started-at="2024-06-13T13:50:31 IST" name="loginTest" finished-at="2024-06-13T13:52:42 IST" duration-ms="131360" status="PASS">
          <reporter-output>
          </reporter-output>
        </test-method> <!-- loginTest -->
        <test-method is-config="true" signature="afterTest()[pri:0, instance:projectTestCases.TestNG@78e4deb0]" started-at="2024-06-13T13:52:42 IST" name="afterTest" finished-at="2024-06-13T13:52:42 IST" duration-ms="1" status="PASS">
          <reporter-output>
          </reporter-output>
        </test-method> <!-- afterTest -->
      </class> <!-- projectTestCases.TestNG -->
    </test> <!-- Default test -->
  </suite> <!-- Default suite -->
</testng-results>
