<?xml version="1.0" encoding="UTF-8"?>
<testng-results ignored="0" total="1" passed="1" failed="0" skipped="0">
  <reporter-output>
  </reporter-output>
  <suite started-at="2024-06-22T00:30:31 IST" name="Suite" finished-at="2024-06-22T00:31:46 IST" duration-ms="74360">
    <groups>
    </groups>
    <test started-at="2024-06-22T00:30:31 IST" name="Test" finished-at="2024-06-22T00:31:46 IST" duration-ms="74360">
      <class name="projectTestCases.TestNGLogin">
        <test-method is-config="true" signature="extendreportgenerate()[pri:0, instance:projectTestCases.TestNGLogin@2af004b]" started-at="2024-06-22T00:30:30 IST" name="extendreportgenerate" finished-at="2024-06-22T00:30:31 IST" duration-ms="801" status="PASS">
          <reporter-output>
          </reporter-output>
        </test-method> <!-- extendreportgenerate -->
        <test-method is-config="true" signature="beforeTest()[pri:0, instance:projectTestCases.TestNGLogin@2af004b]" started-at="2024-06-22T00:30:31 IST" name="beforeTest" finished-at="2024-06-22T00:31:26 IST" duration-ms="55173" status="PASS">
          <reporter-output>
          </reporter-output>
        </test-method> <!-- beforeTest -->
        <test-method signature="loginTest()[pri:1, instance:projectTestCases.TestNGLogin@2af004b]" started-at="2024-06-22T00:31:27 IST" name="loginTest" finished-at="2024-06-22T00:31:43 IST" duration-ms="15696" status="PASS">
          <reporter-output>
          </reporter-output>
        </test-method> <!-- loginTest -->
        <test-method is-config="true" signature="afterTest()[pri:0, instance:projectTestCases.TestNGLogin@2af004b]" started-at="2024-06-22T00:31:43 IST" name="afterTest" finished-at="2024-06-22T00:31:46 IST" duration-ms="2835" status="PASS">
          <reporter-output>
          </reporter-output>
        </test-method> <!-- afterTest -->
        <test-method is-config="true" signature="closereport()[pri:0, instance:projectTestCases.TestNGLogin@2af004b]" started-at="2024-06-22T00:31:47 IST" name="closereport" finished-at="2024-06-22T00:31:49 IST" duration-ms="1871" status="PASS">
          <reporter-output>
          </reporter-output>
        </test-method> <!-- closereport -->
      </class> <!-- projectTestCases.TestNGLogin -->
    </test> <!-- Test -->
  </suite> <!-- Suite -->
</testng-results>
